[09-Jan-2018 12:20:19 UTC] PHP Fatal error:  Uncaught Error: Call to undefined function sqlsrv_connect() in C:\Users\Alexa\Google Drive\Studium\3. Semester\Datenbanksysteme\Memegement\gui\gruppeErstellen.php:17
Stack trace:
#0 C:\Users\Alexa\Google Drive\Studium\3. Semester\Datenbanksysteme\Memegement\gui\index.php(89): include_once()
#1 {main}
  thrown in C:\Users\Alexa\Google Drive\Studium\3. Semester\Datenbanksysteme\Memegement\gui\gruppeErstellen.php on line 17
[09-Jan-2018 12:49:03 UTC] PHP Fatal error:  Uncaught Error: Call to undefined function sqlsrv_connect() in C:\Users\Alexa\Google Drive\Studium\3. Semester\Datenbanksysteme\Memegement\gui\gruppeErstellen.php:17
Stack trace:
#0 C:\Users\Alexa\Google Drive\Studium\3. Semester\Datenbanksysteme\Memegement\gui\index.php(89): include_once()
#1 {main}
  thrown in C:\Users\Alexa\Google Drive\Studium\3. Semester\Datenbanksysteme\Memegement\gui\gruppeErstellen.php on line 17
[09-Jan-2018 12:50:27 UTC] PHP Fatal error:  Uncaught Error: Call to undefined function sqlsrv_connect() in C:\Users\Alexa\Google Drive\Studium\3. Semester\Datenbanksysteme\Memegement\gui\gruppeErstellen.php:17
Stack trace:
#0 C:\Users\Alexa\Google Drive\Studium\3. Semester\Datenbanksysteme\Memegement\gui\index.php(89): include_once()
#1 {main}
  thrown in C:\Users\Alexa\Google Drive\Studium\3. Semester\Datenbanksysteme\Memegement\gui\gruppeErstellen.php on line 17
[09-Jan-2018 12:56:53 UTC] PHP Fatal error:  Uncaught Error: Call to undefined function sqlsrv_connect() in C:\Users\Alexa\Google Drive\Studium\3. Semester\Datenbanksysteme\Memegement\gui\gruppeErstellen.php:17
Stack trace:
#0 C:\Users\Alexa\Google Drive\Studium\3. Semester\Datenbanksysteme\Memegement\gui\index.php(89): include_once()
#1 {main}
  thrown in C:\Users\Alexa\Google Drive\Studium\3. Semester\Datenbanksysteme\Memegement\gui\gruppeErstellen.php on line 17
[09-Jan-2018 15:34:48 UTC] PHP Parse error:  syntax error, unexpected ')' in C:\Users\Alexa\Google Drive\Studium\3. Semester\Datenbanksysteme\Memegement\gui\gruppen.php on line 34
